<?xml version="1.0" encoding="UTF-8"?>
<testsuite name="WordPuzzleTest" tests="3" skipped="0" failures="0" errors="0" timestamp="2015-08-15T00:30:13" hostname="epicodus-113.local" time="0.002">
  <properties/>
  <testcase name="checkString_replaceAwithDash_yes" classname="WordPuzzleTest" time="0.0"/>
  <testcase name="checkString_replaceAllLowerVowelswithDash_yes" classname="WordPuzzleTest" time="0.0"/>
  <testcase name="checkString_replaceLowerandUpperVowelswithDash_yes" classname="WordPuzzleTest" time="0.001"/>
  <system-out><![CDATA[]]></system-out>
  <system-err><![CDATA[]]></system-err>
</testsuite>
